<?xml version="1.0" encoding="UTF-8"?>
<testsuite xmlns:xsi="http://www.w3.org/2001/XMLSchema-instance" xsi:noNamespaceSchemaLocation="https://maven.apache.org/surefire/maven-surefire-plugin/xsd/surefire-test-report-3.0.xsd" version="3.0" name="SuiteTestClass" time="37.752" tests="30" errors="0" skipped="5" failures="0">
  <properties>
[...]
</properties>
  <testcase name="RegistrationTest" classname="CL2.ClTests" time="0">
    <skipped/>
  </testcase>
  <testcase name="ClientCreationTest" classname="CL2.ClTests" time="15.066"/>
  <testcase name="givenList_whenCheck_thenSize3Test" classname="MathApi.MatchersTests" time="0"/>
  <testcase name="givenArray_whenCheck_thenSize3Test" classname="MathApi.MatchersTests" time="0"/>
  <testcase name="givenMap_whenCheck_thenContainsTest" classname="MathApi.MatchersTests" time="0"/>
  <testcase name="testCalA" classname="MathApi.MatchersTests" time="0.001"/>
  <testcase name="givenArray_whenCheck_thenContainsElementsTest" classname="MathApi.MatchersTests" time="0"/>
  <testcase name="givenList_whenCheck_thenNotEmptyTest" classname="MathApi.MatchersTests" time="0.001"/>
  <testcase name="givenList_whenCheck_thenPosotiveElementsTest" classname="MathApi.MatchersTests" time="0.002"/>
  <testcase name="givenNumber_whenConditions_thenCorrectTest" classname="MathApi.MatchersTests" time="0.001"/>
  <testcase name="givenList_whenCheck_thenHasItemTest" classname="MathApi.MatchersTests" time="0.001"/>
  <testcase name="givenList_whenCheck_thenContainsElementsTest" classname="MathApi.MatchersTests" time="0"/>
  <testcase name="givenArray_whenCheck_thenContainInAnyOrderTest" classname="MathApi.MatchersTests" time="0.001"/>
  <testcase name="given2Strings_whenEqualIgnWS_thenCorrectTest" classname="MathApi.MatchersTests" time="0.001"/>
  <testcase name="givenArray_whenCheck_thenNotEmptyTest" classname="MathApi.MatchersTests" time="0"/>
  <testcase name="given2Strings_whenEqual_thenCorrectTest" classname="MathApi.MatchersTests" time="0.001"/>
  <testcase name="givenArray_whenCheck_thenHasItemTest" classname="MathApi.MatchersTests" time="0.001"/>
  <testcase name="mathTest" classname="MathApi.MathTest" time="0.017"/>
  <testcase name="funcTest" classname="MathApi.MathTest" time="0.001"/>
  <testcase name="testResponseCodeTest" classname="MathApi.testApiTest" time="1.573"/>
  <testcase name="testGetTimeTest" classname="MathApi.testApiTest" time="0.566"/>
  <testcase name="testPostFileTest" classname="MathApi.testApiTest" time="1.034"/>
  <testcase name="testSimplePostTest" classname="MathApi.testApiTest" time="0">
    <skipped/>
  </testcase>
  <testcase name="testGetWithAuthTest" classname="MathApi.testApiTest" time="1.096"/>
  <testcase name="testPostTest" classname="MathApi.testApiTest" time="0">
    <skipped/>
  </testcase>
  <testcase name="userLoginTest" classname="Others.BankTests" time="0">
    <skipped/>
  </testcase>
  <testcase name="openSiteAndSearchIphoneTest" classname="Others.googleTests" time="7.421"/>
  <testcase name="luxoftTest" classname="Others.googleTests" time="0">
    <skipped/>
  </testcase>
  <testcase name="itShouldBePossibleToSearchThePhraseTest" classname="Others.SelenideTests" time="7.746"/>
  <testcase name="testUserCanSearch" classname="SelenidePageObject.testGoogleTest" time="3.137"/>
</testsuite>